{"time":"2026-06-02T00:02:22.0315493+01:00","level":"INFO","msg":"metrics server listening","addr":":9091"}
{"time":"2026-06-02T00:02:22.0375468+01:00","level":"INFO","msg":"scheduler hot-standby — waiting for leader election"}
{"time":"2026-06-02T00:02:24.286322+01:00","level":"INFO","msg":"scheduler became leader"}
{"time":"2026-06-02T00:03:24.3842021+01:00","level":"INFO","msg":"fired cron schedule","schedule":"demo-heartbeat","job_id":"6b6ecc5a-0da9-46a1-8748-cf195ff8ea0a","next_run_at":"2026-06-02T00:04:00+01:00"}
{"time":"2026-06-02T00:04:24.3236848+01:00","level":"INFO","msg":"fired cron schedule","schedule":"demo-heartbeat","job_id":"ecc3123c-eb63-4704-b9b2-f500ef560a02","next_run_at":"2026-06-02T00:05:00+01:00"}
{"time":"2026-06-02T00:05:24.3137996+01:00","level":"INFO","msg":"fired cron schedule","schedule":"demo-heartbeat","job_id":"26b9e6bb-41ac-4d1f-8417-6d64884d002c","next_run_at":"2026-06-02T00:06:00+01:00"}
{"time":"2026-06-02T00:06:24.3100555+01:00","level":"INFO","msg":"fired cron schedule","schedule":"demo-heartbeat","job_id":"16c87c30-97f9-414a-8eff-75ae3b7e0786","next_run_at":"2026-06-02T00:07:00+01:00"}
{"time":"2026-06-02T00:07:24.3201641+01:00","level":"INFO","msg":"fired cron schedule","schedule":"demo-heartbeat","job_id":"c72ebb88-aff1-4149-8af9-b61f748ed228","next_run_at":"2026-06-02T00:08:00+01:00"}
{"time":"2026-06-02T00:08:24.3156351+01:00","level":"INFO","msg":"fired cron schedule","schedule":"demo-heartbeat","job_id":"555c0329-d49b-46d8-b5b0-22af4a96be69","next_run_at":"2026-06-02T00:09:00+01:00"}
{"time":"2026-06-02T00:09:24.3108943+01:00","level":"INFO","msg":"fired cron schedule","schedule":"demo-heartbeat","job_id":"cd6e00f5-0e4f-4968-b7d8-08e2c4f73b88","next_run_at":"2026-06-02T00:10:00+01:00"}
{"time":"2026-06-02T00:10:24.314487+01:00","level":"INFO","msg":"fired cron schedule","schedule":"demo-heartbeat","job_id":"cdd1bdee-5b8f-461e-b1aa-f65ce6f441ce","next_run_at":"2026-06-02T00:11:00+01:00"}
{"time":"2026-06-02T00:11:24.3162253+01:00","level":"INFO","msg":"fired cron schedule","schedule":"demo-heartbeat","job_id":"5559ba59-794f-48fb-b4cb-092a9b91b181","next_run_at":"2026-06-02T00:12:00+01:00"}
{"time":"2026-06-02T00:12:24.3159505+01:00","level":"INFO","msg":"fired cron schedule","schedule":"demo-heartbeat","job_id":"8b4ae6a1-3b19-4b2e-8dcd-af79c1a565ea","next_run_at":"2026-06-02T00:13:00+01:00"}
{"time":"2026-06-02T00:13:24.308819+01:00","level":"INFO","msg":"fired cron schedule","schedule":"demo-heartbeat","job_id":"2a04d2b4-c8e3-4fde-8ab6-452f9c0d7560","next_run_at":"2026-06-02T00:14:00+01:00"}
{"time":"2026-06-02T00:14:24.3429322+01:00","level":"INFO","msg":"fired cron schedule","schedule":"demo-heartbeat","job_id":"ae9ba528-bd94-405c-92ef-38f330286fa4","next_run_at":"2026-06-02T00:15:00+01:00"}
{"time":"2026-06-02T00:15:24.3217913+01:00","level":"INFO","msg":"fired cron schedule","schedule":"demo-heartbeat","job_id":"391f3fa5-7fb0-431f-80b9-540eed9832da","next_run_at":"2026-06-02T00:16:00+01:00"}
{"time":"2026-06-02T00:16:24.3107456+01:00","level":"INFO","msg":"fired cron schedule","schedule":"demo-heartbeat","job_id":"db945c0c-46fc-4ab1-bf3c-484073a8e3a5","next_run_at":"2026-06-02T00:17:00+01:00"}
{"time":"2026-06-02T00:17:24.3100593+01:00","level":"INFO","msg":"fired cron schedule","schedule":"demo-heartbeat","job_id":"ca8c0294-ee6e-4d72-8d4e-6b08553782d1","next_run_at":"2026-06-02T00:18:00+01:00"}
{"time":"2026-06-02T00:18:24.3156127+01:00","level":"INFO","msg":"fired cron schedule","schedule":"demo-heartbeat","job_id":"f26c3589-9cc1-4be9-a86e-39aa8d77b5ed","next_run_at":"2026-06-02T00:19:00+01:00"}
{"time":"2026-06-02T00:19:24.5090998+01:00","level":"INFO","msg":"fired cron schedule","schedule":"demo-heartbeat","job_id":"6ddb916c-1b88-4e5e-9695-3a47a61027b2","next_run_at":"2026-06-02T00:20:00+01:00"}
{"time":"2026-06-02T00:20:24.31658+01:00","level":"INFO","msg":"fired cron schedule","schedule":"demo-heartbeat","job_id":"4d79fd23-c45b-4256-b057-6042804ef55d","next_run_at":"2026-06-02T00:21:00+01:00"}
{"time":"2026-06-02T00:21:24.3137857+01:00","level":"INFO","msg":"fired cron schedule","schedule":"demo-heartbeat","job_id":"c7b8831c-4920-4274-94cd-90a754358668","next_run_at":"2026-06-02T00:22:00+01:00"}
{"time":"2026-06-02T00:22:24.3099566+01:00","level":"INFO","msg":"fired cron schedule","schedule":"demo-heartbeat","job_id":"4ef1c96e-201a-48f4-83be-3ba41a4d313f","next_run_at":"2026-06-02T00:23:00+01:00"}
{"time":"2026-06-02T00:23:24.3103712+01:00","level":"INFO","msg":"fired cron schedule","schedule":"demo-heartbeat","job_id":"11c0b537-fdee-4b7d-9cad-dbcac37cd364","next_run_at":"2026-06-02T00:24:00+01:00"}
{"time":"2026-06-02T00:24:24.3145313+01:00","level":"INFO","msg":"fired cron schedule","schedule":"demo-heartbeat","job_id":"d2e98440-b48c-4bde-bd93-4d63175029cc","next_run_at":"2026-06-02T00:25:00+01:00"}
{"time":"2026-06-02T00:25:24.3221227+01:00","level":"INFO","msg":"fired cron schedule","schedule":"demo-heartbeat","job_id":"28eaa7d4-0b74-4d5a-bed1-2d1a567317fc","next_run_at":"2026-06-02T00:26:00+01:00"}
{"time":"2026-06-02T00:26:24.3091106+01:00","level":"INFO","msg":"fired cron schedule","schedule":"demo-heartbeat","job_id":"8041de37-7b4b-4851-af4b-0a90c3fb2842","next_run_at":"2026-06-02T00:27:00+01:00"}
{"time":"2026-06-02T00:27:24.3082459+01:00","level":"INFO","msg":"fired cron schedule","schedule":"demo-heartbeat","job_id":"96afb5c9-32d3-4eaa-ad29-ffcd09b08811","next_run_at":"2026-06-02T00:28:00+01:00"}
{"time":"2026-06-02T00:28:24.3594851+01:00","level":"INFO","msg":"fired cron schedule","schedule":"demo-heartbeat","job_id":"166aeb41-03d4-4c51-bf95-b22975d7f4e2","next_run_at":"2026-06-02T00:29:00+01:00"}
{"time":"2026-06-02T00:29:24.3099209+01:00","level":"INFO","msg":"fired cron schedule","schedule":"demo-heartbeat","job_id":"47bd1538-d94e-47c5-b34c-dcac741e0ebb","next_run_at":"2026-06-02T00:30:00+01:00"}
{"time":"2026-06-02T00:30:24.3122267+01:00","level":"INFO","msg":"fired cron schedule","schedule":"demo-heartbeat","job_id":"e6f61330-7c56-4382-85e6-d94cf2b76f48","next_run_at":"2026-06-02T00:31:00+01:00"}
{"time":"2026-06-02T00:31:24.3162016+01:00","level":"INFO","msg":"fired cron schedule","schedule":"demo-heartbeat","job_id":"63a6f31b-c1b9-453a-ac89-1a6beb81d85c","next_run_at":"2026-06-02T00:32:00+01:00"}
{"time":"2026-06-02T00:32:24.3333346+01:00","level":"INFO","msg":"fired cron schedule","schedule":"demo-heartbeat","job_id":"86ab6f63-e957-4e90-bde9-df362bd1bd11","next_run_at":"2026-06-02T00:33:00+01:00"}
{"time":"2026-06-02T00:33:24.3108257+01:00","level":"INFO","msg":"fired cron schedule","schedule":"demo-heartbeat","job_id":"32f46049-6ac5-43c5-a9d9-95dd9d69b58c","next_run_at":"2026-06-02T00:34:00+01:00"}
{"time":"2026-06-02T00:34:24.3103688+01:00","level":"INFO","msg":"fired cron schedule","schedule":"demo-heartbeat","job_id":"c1f7455b-6979-459b-bd8d-b3dbfbc8f6c3","next_run_at":"2026-06-02T00:35:00+01:00"}
