{"time":"2026-06-02T00:02:22.0144268+01:00","level":"INFO","msg":"metrics server listening","addr":":9092"}
{"time":"2026-06-02T00:02:22.0150262+01:00","level":"INFO","msg":"worker started","worker_id":"4f5347a5-7f2a-4421-bf39-eb5e3c2a4ab7"}
{"time":"2026-06-02T00:02:22.035275+01:00","level":"INFO","msg":"tenant weights loaded","count":1}
{"time":"2026-06-02T00:03:22.0440516+01:00","level":"INFO","msg":"tenant weights loaded","count":1}
{"time":"2026-06-02T00:03:24.4784765+01:00","level":"INFO","msg":"executing job","trace_id":"f05a7ecd4aa6abcf4b2de53a7b1e1864","span_id":"a7b27d10ef54c3d7","job_id":"6b6ecc5a-0da9-46a1-8748-cf195ff8ea0a","type":"webhook","attempt":0,"tenant_id":"00000000-0000-0000-0000-000000000001"}
{"time":"2026-06-02T00:03:25.9449477+01:00","level":"INFO","msg":"job succeeded","trace_id":"f05a7ecd4aa6abcf4b2de53a7b1e1864","span_id":"a7b27d10ef54c3d7","job_id":"6b6ecc5a-0da9-46a1-8748-cf195ff8ea0a","tenant_id":"00000000-0000-0000-0000-000000000001","duration_ms":1461}
{"time":"2026-06-02T00:04:22.0584613+01:00","level":"INFO","msg":"tenant weights loaded","count":1}
{"time":"2026-06-02T00:04:24.3767493+01:00","level":"INFO","msg":"executing job","trace_id":"fbd86a5ca68a7cf7abf2f2240e7010f4","span_id":"515a38af6d018024","job_id":"ecc3123c-eb63-4704-b9b2-f500ef560a02","type":"webhook","attempt":0,"tenant_id":"00000000-0000-0000-0000-000000000001"}
{"time":"2026-06-02T00:04:24.6133559+01:00","level":"INFO","msg":"job succeeded","trace_id":"fbd86a5ca68a7cf7abf2f2240e7010f4","span_id":"515a38af6d018024","job_id":"ecc3123c-eb63-4704-b9b2-f500ef560a02","tenant_id":"00000000-0000-0000-0000-000000000001","duration_ms":220}
{"time":"2026-06-02T00:05:22.044484+01:00","level":"INFO","msg":"tenant weights loaded","count":1}
{"time":"2026-06-02T00:05:24.4189964+01:00","level":"INFO","msg":"executing job","trace_id":"9dbcfa8ace1fc4238030b5108b9b709e","span_id":"9a974e5e6f612db8","job_id":"26b9e6bb-41ac-4d1f-8417-6d64884d002c","type":"webhook","attempt":0,"tenant_id":"00000000-0000-0000-0000-000000000001"}
{"time":"2026-06-02T00:05:25.4723675+01:00","level":"INFO","msg":"job succeeded","trace_id":"9dbcfa8ace1fc4238030b5108b9b709e","span_id":"9a974e5e6f612db8","job_id":"26b9e6bb-41ac-4d1f-8417-6d64884d002c","tenant_id":"00000000-0000-0000-0000-000000000001","duration_ms":1051}
{"time":"2026-06-02T00:06:22.041619+01:00","level":"INFO","msg":"tenant weights loaded","count":1}
{"time":"2026-06-02T00:06:24.3695054+01:00","level":"INFO","msg":"executing job","trace_id":"48b21d9603f2bc43ed38312dc8716bfd","span_id":"93e6ed8241f899bf","job_id":"16c87c30-97f9-414a-8eff-75ae3b7e0786","type":"webhook","attempt":0,"tenant_id":"00000000-0000-0000-0000-000000000001"}
{"time":"2026-06-02T00:06:24.5925213+01:00","level":"INFO","msg":"job succeeded","trace_id":"48b21d9603f2bc43ed38312dc8716bfd","span_id":"93e6ed8241f899bf","job_id":"16c87c30-97f9-414a-8eff-75ae3b7e0786","tenant_id":"00000000-0000-0000-0000-000000000001","duration_ms":220}
{"time":"2026-06-02T00:07:22.0416239+01:00","level":"INFO","msg":"tenant weights loaded","count":1}
{"time":"2026-06-02T00:07:24.3270014+01:00","level":"INFO","msg":"executing job","trace_id":"90d04e4fa46c83e07c1d1aa338c3fdf2","span_id":"aa0b97c9145731b4","job_id":"c72ebb88-aff1-4149-8af9-b61f748ed228","type":"webhook","attempt":0,"tenant_id":"00000000-0000-0000-0000-000000000001"}
{"time":"2026-06-02T00:07:24.542525+01:00","level":"INFO","msg":"job succeeded","trace_id":"90d04e4fa46c83e07c1d1aa338c3fdf2","span_id":"aa0b97c9145731b4","job_id":"c72ebb88-aff1-4149-8af9-b61f748ed228","tenant_id":"00000000-0000-0000-0000-000000000001","duration_ms":212}
{"time":"2026-06-02T00:08:22.0436824+01:00","level":"INFO","msg":"tenant weights loaded","count":1}
{"time":"2026-06-02T00:08:24.3727683+01:00","level":"INFO","msg":"executing job","trace_id":"65a18bd693f03a8fe005d1a5e5361822","span_id":"b848bbfb98aa173c","job_id":"555c0329-d49b-46d8-b5b0-22af4a96be69","type":"webhook","attempt":0,"tenant_id":"00000000-0000-0000-0000-000000000001"}
{"time":"2026-06-02T00:08:25.5247014+01:00","level":"INFO","msg":"job succeeded","trace_id":"65a18bd693f03a8fe005d1a5e5361822","span_id":"b848bbfb98aa173c","job_id":"555c0329-d49b-46d8-b5b0-22af4a96be69","tenant_id":"00000000-0000-0000-0000-000000000001","duration_ms":1149}
{"time":"2026-06-02T00:09:22.0426598+01:00","level":"INFO","msg":"tenant weights loaded","count":1}
{"time":"2026-06-02T00:09:24.3954153+01:00","level":"INFO","msg":"executing job","trace_id":"b75161b120c195d420f042cd173e230f","span_id":"bbfbfc4888973869","job_id":"cd6e00f5-0e4f-4968-b7d8-08e2c4f73b88","type":"webhook","attempt":0,"tenant_id":"00000000-0000-0000-0000-000000000001"}
{"time":"2026-06-02T00:09:24.6376113+01:00","level":"INFO","msg":"job succeeded","trace_id":"b75161b120c195d420f042cd173e230f","span_id":"bbfbfc4888973869","job_id":"cd6e00f5-0e4f-4968-b7d8-08e2c4f73b88","tenant_id":"00000000-0000-0000-0000-000000000001","duration_ms":239}
{"time":"2026-06-02T00:10:22.0444359+01:00","level":"INFO","msg":"tenant weights loaded","count":1}
{"time":"2026-06-02T00:10:24.4032451+01:00","level":"INFO","msg":"executing job","trace_id":"06c2f9d153213d60bed52aab9aff5211","span_id":"bd67cab62da97e64","job_id":"cdd1bdee-5b8f-461e-b1aa-f65ce6f441ce","type":"webhook","attempt":0,"tenant_id":"00000000-0000-0000-0000-000000000001"}
{"time":"2026-06-02T00:10:25.744964+01:00","level":"INFO","msg":"job succeeded","trace_id":"06c2f9d153213d60bed52aab9aff5211","span_id":"bd67cab62da97e64","job_id":"cdd1bdee-5b8f-461e-b1aa-f65ce6f441ce","tenant_id":"00000000-0000-0000-0000-000000000001","duration_ms":1341}
{"time":"2026-06-02T00:11:22.0409732+01:00","level":"INFO","msg":"tenant weights loaded","count":1}
{"time":"2026-06-02T00:11:24.3785471+01:00","level":"INFO","msg":"executing job","trace_id":"4a8582bf3dfafb434c60703f463e7265","span_id":"eb4427d6b99d0b6c","job_id":"5559ba59-794f-48fb-b4cb-092a9b91b181","type":"webhook","attempt":0,"tenant_id":"00000000-0000-0000-0000-000000000001"}
{"time":"2026-06-02T00:11:24.6142974+01:00","level":"INFO","msg":"job succeeded","trace_id":"4a8582bf3dfafb434c60703f463e7265","span_id":"eb4427d6b99d0b6c","job_id":"5559ba59-794f-48fb-b4cb-092a9b91b181","tenant_id":"00000000-0000-0000-0000-000000000001","duration_ms":234}
{"time":"2026-06-02T00:12:22.042614+01:00","level":"INFO","msg":"tenant weights loaded","count":1}
{"time":"2026-06-02T00:12:24.4397793+01:00","level":"INFO","msg":"executing job","trace_id":"8cfb2788fc44cd9b0676233d7c83b46b","span_id":"317ef80e493f6767","job_id":"8b4ae6a1-3b19-4b2e-8dcd-af79c1a565ea","type":"webhook","attempt":0,"tenant_id":"00000000-0000-0000-0000-000000000001"}
{"time":"2026-06-02T00:12:25.5634219+01:00","level":"INFO","msg":"job succeeded","trace_id":"8cfb2788fc44cd9b0676233d7c83b46b","span_id":"317ef80e493f6767","job_id":"8b4ae6a1-3b19-4b2e-8dcd-af79c1a565ea","tenant_id":"00000000-0000-0000-0000-000000000001","duration_ms":1120}
{"time":"2026-06-02T00:13:22.0414778+01:00","level":"INFO","msg":"tenant weights loaded","count":1}
{"time":"2026-06-02T00:13:24.3514214+01:00","level":"INFO","msg":"executing job","trace_id":"9c34b1ac72e5182cfc7c52248ce7c608","span_id":"d2a51df5fbd651a1","job_id":"2a04d2b4-c8e3-4fde-8ab6-452f9c0d7560","type":"webhook","attempt":0,"tenant_id":"00000000-0000-0000-0000-000000000001"}
{"time":"2026-06-02T00:13:24.5649467+01:00","level":"INFO","msg":"job succeeded","trace_id":"9c34b1ac72e5182cfc7c52248ce7c608","span_id":"d2a51df5fbd651a1","job_id":"2a04d2b4-c8e3-4fde-8ab6-452f9c0d7560","tenant_id":"00000000-0000-0000-0000-000000000001","duration_ms":209}
{"time":"2026-06-02T00:14:22.0435955+01:00","level":"INFO","msg":"tenant weights loaded","count":1}
{"time":"2026-06-02T00:14:24.4408722+01:00","level":"INFO","msg":"executing job","trace_id":"6d891a81cab7827262cf39bbda0be76b","span_id":"a1bcd74d2c099432","job_id":"ae9ba528-bd94-405c-92ef-38f330286fa4","type":"webhook","attempt":0,"tenant_id":"00000000-0000-0000-0000-000000000001"}
{"time":"2026-06-02T00:14:25.5232681+01:00","level":"INFO","msg":"job succeeded","trace_id":"6d891a81cab7827262cf39bbda0be76b","span_id":"a1bcd74d2c099432","job_id":"ae9ba528-bd94-405c-92ef-38f330286fa4","tenant_id":"00000000-0000-0000-0000-000000000001","duration_ms":1079}
{"time":"2026-06-02T00:15:22.0421432+01:00","level":"INFO","msg":"tenant weights loaded","count":1}
{"time":"2026-06-02T00:15:24.4258443+01:00","level":"INFO","msg":"executing job","trace_id":"f9e7c896fcdf12f84c1e60e1b2f27ec2","span_id":"c4d7d47677a80f6c","job_id":"391f3fa5-7fb0-431f-80b9-540eed9832da","type":"webhook","attempt":0,"tenant_id":"00000000-0000-0000-0000-000000000001"}
{"time":"2026-06-02T00:15:24.638489+01:00","level":"INFO","msg":"job succeeded","trace_id":"f9e7c896fcdf12f84c1e60e1b2f27ec2","span_id":"c4d7d47677a80f6c","job_id":"391f3fa5-7fb0-431f-80b9-540eed9832da","tenant_id":"00000000-0000-0000-0000-000000000001","duration_ms":212}
{"time":"2026-06-02T00:16:22.0424368+01:00","level":"INFO","msg":"tenant weights loaded","count":1}
{"time":"2026-06-02T00:16:24.3714756+01:00","level":"INFO","msg":"executing job","trace_id":"a042c62ae7019b510287d0b887cb3dac","span_id":"4033d4042f1fa377","job_id":"db945c0c-46fc-4ab1-bf3c-484073a8e3a5","type":"webhook","attempt":0,"tenant_id":"00000000-0000-0000-0000-000000000001"}
{"time":"2026-06-02T00:16:24.5855639+01:00","level":"INFO","msg":"job succeeded","trace_id":"a042c62ae7019b510287d0b887cb3dac","span_id":"4033d4042f1fa377","job_id":"db945c0c-46fc-4ab1-bf3c-484073a8e3a5","tenant_id":"00000000-0000-0000-0000-000000000001","duration_ms":211}
{"time":"2026-06-02T00:17:22.0423606+01:00","level":"INFO","msg":"tenant weights loaded","count":1}
{"time":"2026-06-02T00:17:24.4139746+01:00","level":"INFO","msg":"executing job","trace_id":"4eb7bd3a3e91f26d31a753d1861c6aef","span_id":"6188548a47437473","job_id":"ca8c0294-ee6e-4d72-8d4e-6b08553782d1","type":"webhook","attempt":0,"tenant_id":"00000000-0000-0000-0000-000000000001"}
{"time":"2026-06-02T00:17:25.517328+01:00","level":"INFO","msg":"job succeeded","trace_id":"4eb7bd3a3e91f26d31a753d1861c6aef","span_id":"6188548a47437473","job_id":"ca8c0294-ee6e-4d72-8d4e-6b08553782d1","tenant_id":"00000000-0000-0000-0000-000000000001","duration_ms":1095}
{"time":"2026-06-02T00:18:22.0422015+01:00","level":"INFO","msg":"tenant weights loaded","count":1}
{"time":"2026-06-02T00:18:24.3763754+01:00","level":"INFO","msg":"executing job","trace_id":"ae94416b35f49385aa0d08217986d0db","span_id":"fa9b524f80b69481","job_id":"f26c3589-9cc1-4be9-a86e-39aa8d77b5ed","type":"webhook","attempt":0,"tenant_id":"00000000-0000-0000-0000-000000000001"}
{"time":"2026-06-02T00:18:24.7319497+01:00","level":"INFO","msg":"job succeeded","trace_id":"ae94416b35f49385aa0d08217986d0db","span_id":"fa9b524f80b69481","job_id":"f26c3589-9cc1-4be9-a86e-39aa8d77b5ed","tenant_id":"00000000-0000-0000-0000-000000000001","duration_ms":352}
{"time":"2026-06-02T00:19:22.0425376+01:00","level":"INFO","msg":"tenant weights loaded","count":1}
{"time":"2026-06-02T00:19:24.5354636+01:00","level":"INFO","msg":"executing job","trace_id":"f3c9fbd72aa0ec3f433acc4b8170e3de","span_id":"6365486c8729f8c3","job_id":"6ddb916c-1b88-4e5e-9695-3a47a61027b2","type":"webhook","attempt":0,"tenant_id":"00000000-0000-0000-0000-000000000001"}
{"time":"2026-06-02T00:19:25.7482681+01:00","level":"INFO","msg":"job succeeded","trace_id":"f3c9fbd72aa0ec3f433acc4b8170e3de","span_id":"6365486c8729f8c3","job_id":"6ddb916c-1b88-4e5e-9695-3a47a61027b2","tenant_id":"00000000-0000-0000-0000-000000000001","duration_ms":1211}
{"time":"2026-06-02T00:20:22.0426382+01:00","level":"INFO","msg":"tenant weights loaded","count":1}
{"time":"2026-06-02T00:20:24.3654286+01:00","level":"INFO","msg":"executing job","trace_id":"53f2a0671078c16a9131597f5eebc360","span_id":"17925969cfb2b10a","job_id":"4d79fd23-c45b-4256-b057-6042804ef55d","type":"webhook","attempt":0,"tenant_id":"00000000-0000-0000-0000-000000000001"}
{"time":"2026-06-02T00:20:24.5976695+01:00","level":"INFO","msg":"job succeeded","trace_id":"53f2a0671078c16a9131597f5eebc360","span_id":"17925969cfb2b10a","job_id":"4d79fd23-c45b-4256-b057-6042804ef55d","tenant_id":"00000000-0000-0000-0000-000000000001","duration_ms":231}
{"time":"2026-06-02T00:21:22.0417403+01:00","level":"INFO","msg":"tenant weights loaded","count":1}
{"time":"2026-06-02T00:21:24.3477597+01:00","level":"INFO","msg":"executing job","trace_id":"c7b422e3fa912d9f7294c89d6b82a4ce","span_id":"5f54413a8dad9d41","job_id":"c7b8831c-4920-4274-94cd-90a754358668","type":"webhook","attempt":0,"tenant_id":"00000000-0000-0000-0000-000000000001"}
{"time":"2026-06-02T00:21:24.5869926+01:00","level":"INFO","msg":"job succeeded","trace_id":"c7b422e3fa912d9f7294c89d6b82a4ce","span_id":"5f54413a8dad9d41","job_id":"c7b8831c-4920-4274-94cd-90a754358668","tenant_id":"00000000-0000-0000-0000-000000000001","duration_ms":236}
{"time":"2026-06-02T00:22:22.0435751+01:00","level":"INFO","msg":"tenant weights loaded","count":1}
{"time":"2026-06-02T00:22:24.3424202+01:00","level":"INFO","msg":"executing job","trace_id":"a57a29c5ccf08b3641e89c87a9fd31f2","span_id":"7a174515968a0d5f","job_id":"4ef1c96e-201a-48f4-83be-3ba41a4d313f","type":"webhook","attempt":0,"tenant_id":"00000000-0000-0000-0000-000000000001"}
{"time":"2026-06-02T00:22:24.5849511+01:00","level":"INFO","msg":"job succeeded","trace_id":"a57a29c5ccf08b3641e89c87a9fd31f2","span_id":"7a174515968a0d5f","job_id":"4ef1c96e-201a-48f4-83be-3ba41a4d313f","tenant_id":"00000000-0000-0000-0000-000000000001","duration_ms":239}
{"time":"2026-06-02T00:23:22.0415238+01:00","level":"INFO","msg":"tenant weights loaded","count":1}
{"time":"2026-06-02T00:23:24.329653+01:00","level":"INFO","msg":"executing job","trace_id":"47629ae0ed6928dfa4a86f750b25adf1","span_id":"6df7f18b94465a98","job_id":"11c0b537-fdee-4b7d-9cad-dbcac37cd364","type":"webhook","attempt":0,"tenant_id":"00000000-0000-0000-0000-000000000001"}
{"time":"2026-06-02T00:23:24.561651+01:00","level":"INFO","msg":"job succeeded","trace_id":"47629ae0ed6928dfa4a86f750b25adf1","span_id":"6df7f18b94465a98","job_id":"11c0b537-fdee-4b7d-9cad-dbcac37cd364","tenant_id":"00000000-0000-0000-0000-000000000001","duration_ms":229}
{"time":"2026-06-02T00:24:22.0427696+01:00","level":"INFO","msg":"tenant weights loaded","count":1}
{"time":"2026-06-02T00:24:24.3996705+01:00","level":"INFO","msg":"executing job","trace_id":"3788a659789250d5908cd5c0213d921c","span_id":"4c13e9f343376473","job_id":"d2e98440-b48c-4bde-bd93-4d63175029cc","type":"webhook","attempt":0,"tenant_id":"00000000-0000-0000-0000-000000000001"}
{"time":"2026-06-02T00:24:25.7209606+01:00","level":"INFO","msg":"job succeeded","trace_id":"3788a659789250d5908cd5c0213d921c","span_id":"4c13e9f343376473","job_id":"d2e98440-b48c-4bde-bd93-4d63175029cc","tenant_id":"00000000-0000-0000-0000-000000000001","duration_ms":1320}
{"time":"2026-06-02T00:25:22.0443382+01:00","level":"INFO","msg":"tenant weights loaded","count":1}
{"time":"2026-06-02T00:25:24.3740416+01:00","level":"INFO","msg":"executing job","trace_id":"b18e56679467509d4364193a07694bf0","span_id":"1c158acbdb22a60d","job_id":"28eaa7d4-0b74-4d5a-bed1-2d1a567317fc","type":"webhook","attempt":0,"tenant_id":"00000000-0000-0000-0000-000000000001"}
{"time":"2026-06-02T00:25:24.6005864+01:00","level":"INFO","msg":"job succeeded","trace_id":"b18e56679467509d4364193a07694bf0","span_id":"1c158acbdb22a60d","job_id":"28eaa7d4-0b74-4d5a-bed1-2d1a567317fc","tenant_id":"00000000-0000-0000-0000-000000000001","duration_ms":225}
{"time":"2026-06-02T00:26:22.0420788+01:00","level":"INFO","msg":"tenant weights loaded","count":1}
{"time":"2026-06-02T00:26:24.4115878+01:00","level":"INFO","msg":"executing job","trace_id":"68986689955ddfb542e8272336ce84a3","span_id":"c373aed256fb635f","job_id":"8041de37-7b4b-4851-af4b-0a90c3fb2842","type":"webhook","attempt":0,"tenant_id":"00000000-0000-0000-0000-000000000001"}
{"time":"2026-06-02T00:26:25.5222127+01:00","level":"INFO","msg":"job succeeded","trace_id":"68986689955ddfb542e8272336ce84a3","span_id":"c373aed256fb635f","job_id":"8041de37-7b4b-4851-af4b-0a90c3fb2842","tenant_id":"00000000-0000-0000-0000-000000000001","duration_ms":1110}
{"time":"2026-06-02T00:27:22.042363+01:00","level":"INFO","msg":"tenant weights loaded","count":1}
{"time":"2026-06-02T00:27:24.3669389+01:00","level":"INFO","msg":"executing job","trace_id":"5ee36519a46a9983ac0d75750d9c828a","span_id":"4f0a16932383a8d5","job_id":"96afb5c9-32d3-4eaa-ad29-ffcd09b08811","type":"webhook","attempt":0,"tenant_id":"00000000-0000-0000-0000-000000000001"}
{"time":"2026-06-02T00:27:24.5905353+01:00","level":"INFO","msg":"job succeeded","trace_id":"5ee36519a46a9983ac0d75750d9c828a","span_id":"4f0a16932383a8d5","job_id":"96afb5c9-32d3-4eaa-ad29-ffcd09b08811","tenant_id":"00000000-0000-0000-0000-000000000001","duration_ms":220}
{"time":"2026-06-02T00:28:22.0425442+01:00","level":"INFO","msg":"tenant weights loaded","count":1}
{"time":"2026-06-02T00:28:24.43602+01:00","level":"INFO","msg":"executing job","trace_id":"f3aedccd33503dd0922940dc28283b92","span_id":"2776741c2c4c7caa","job_id":"166aeb41-03d4-4c51-bf95-b22975d7f4e2","type":"webhook","attempt":0,"tenant_id":"00000000-0000-0000-0000-000000000001"}
{"time":"2026-06-02T00:28:26.6043184+01:00","level":"INFO","msg":"job succeeded","trace_id":"f3aedccd33503dd0922940dc28283b92","span_id":"2776741c2c4c7caa","job_id":"166aeb41-03d4-4c51-bf95-b22975d7f4e2","tenant_id":"00000000-0000-0000-0000-000000000001","duration_ms":2165}
{"time":"2026-06-02T00:29:22.0425524+01:00","level":"INFO","msg":"tenant weights loaded","count":1}
{"time":"2026-06-02T00:29:24.4128983+01:00","level":"INFO","msg":"executing job","trace_id":"68c75054c2bf66301c2135c4d57c1d43","span_id":"55c32edabdeb547f","job_id":"47bd1538-d94e-47c5-b34c-dcac741e0ebb","type":"webhook","attempt":0,"tenant_id":"00000000-0000-0000-0000-000000000001"}
{"time":"2026-06-02T00:29:24.6359237+01:00","level":"INFO","msg":"job succeeded","trace_id":"68c75054c2bf66301c2135c4d57c1d43","span_id":"55c32edabdeb547f","job_id":"47bd1538-d94e-47c5-b34c-dcac741e0ebb","tenant_id":"00000000-0000-0000-0000-000000000001","duration_ms":222}
{"time":"2026-06-02T00:30:22.0417608+01:00","level":"INFO","msg":"tenant weights loaded","count":1}
{"time":"2026-06-02T00:30:24.3513059+01:00","level":"INFO","msg":"executing job","trace_id":"319d7995a351689b1250016f08a3962b","span_id":"e0f90101eea099f7","job_id":"e6f61330-7c56-4382-85e6-d94cf2b76f48","type":"webhook","attempt":0,"tenant_id":"00000000-0000-0000-0000-000000000001"}
{"time":"2026-06-02T00:30:24.5721817+01:00","level":"INFO","msg":"job succeeded","trace_id":"319d7995a351689b1250016f08a3962b","span_id":"e0f90101eea099f7","job_id":"e6f61330-7c56-4382-85e6-d94cf2b76f48","tenant_id":"00000000-0000-0000-0000-000000000001","duration_ms":220}
{"time":"2026-06-02T00:31:22.0419195+01:00","level":"INFO","msg":"tenant weights loaded","count":1}
{"time":"2026-06-02T00:31:24.3860328+01:00","level":"INFO","msg":"executing job","trace_id":"73528dbefdd582b631c9a384aa1a39ad","span_id":"d7b23d0c8b5d3390","job_id":"63a6f31b-c1b9-453a-ac89-1a6beb81d85c","type":"webhook","attempt":0,"tenant_id":"00000000-0000-0000-0000-000000000001"}
{"time":"2026-06-02T00:31:25.585497+01:00","level":"INFO","msg":"job succeeded","trace_id":"73528dbefdd582b631c9a384aa1a39ad","span_id":"d7b23d0c8b5d3390","job_id":"63a6f31b-c1b9-453a-ac89-1a6beb81d85c","tenant_id":"00000000-0000-0000-0000-000000000001","duration_ms":1196}
{"time":"2026-06-02T00:32:22.0403592+01:00","level":"INFO","msg":"tenant weights loaded","count":1}
{"time":"2026-06-02T00:32:24.3569736+01:00","level":"INFO","msg":"executing job","trace_id":"db46ea0675ea20bfc8b5c3887531e433","span_id":"6329054d39d88107","job_id":"86ab6f63-e957-4e90-bde9-df362bd1bd11","type":"webhook","attempt":0,"tenant_id":"00000000-0000-0000-0000-000000000001"}
{"time":"2026-06-02T00:32:24.8323914+01:00","level":"INFO","msg":"job succeeded","trace_id":"db46ea0675ea20bfc8b5c3887531e433","span_id":"6329054d39d88107","job_id":"86ab6f63-e957-4e90-bde9-df362bd1bd11","tenant_id":"00000000-0000-0000-0000-000000000001","duration_ms":471}
{"time":"2026-06-02T00:33:22.0427317+01:00","level":"INFO","msg":"tenant weights loaded","count":1}
{"time":"2026-06-02T00:33:24.4002879+01:00","level":"INFO","msg":"executing job","trace_id":"5afb3a5b55e024d6a5196e5f3ebdd439","span_id":"fb6ddb47ba77e1ff","job_id":"32f46049-6ac5-43c5-a9d9-95dd9d69b58c","type":"webhook","attempt":0,"tenant_id":"00000000-0000-0000-0000-000000000001"}
{"time":"2026-06-02T00:33:24.6103192+01:00","level":"INFO","msg":"job succeeded","trace_id":"5afb3a5b55e024d6a5196e5f3ebdd439","span_id":"fb6ddb47ba77e1ff","job_id":"32f46049-6ac5-43c5-a9d9-95dd9d69b58c","tenant_id":"00000000-0000-0000-0000-000000000001","duration_ms":207}
{"time":"2026-06-02T00:34:22.0427625+01:00","level":"INFO","msg":"tenant weights loaded","count":1}
{"time":"2026-06-02T00:34:24.380468+01:00","level":"INFO","msg":"executing job","trace_id":"abfa42162d212a651003450cd86266f5","span_id":"070f1ebf3b2cb271","job_id":"c1f7455b-6979-459b-bd8d-b3dbfbc8f6c3","type":"webhook","attempt":0,"tenant_id":"00000000-0000-0000-0000-000000000001"}
{"time":"2026-06-02T00:34:24.6462232+01:00","level":"INFO","msg":"job succeeded","trace_id":"abfa42162d212a651003450cd86266f5","span_id":"070f1ebf3b2cb271","job_id":"c1f7455b-6979-459b-bd8d-b3dbfbc8f6c3","tenant_id":"00000000-0000-0000-0000-000000000001","duration_ms":260}
